
2025-01-16T04:21:28.153Z ::1 GET /api/v2/account
2025-01-16T04:21:28.266Z ::1 GET /api/v2/account (401)
2025-01-16T04:21:28.268Z ::1 GET /api/v2/account
2025-01-16T04:21:28.352Z ::1 GET /api/v2/account (401)
2025-01-16T04:21:30.067Z ::1 GET /api/v2/products/search/suggest?keyword=
2025-01-16T04:21:30.158Z ::1 GET /api/v2/brands?fields=name%20slug%20image
2025-01-16T04:21:30.160Z ::1 GET /api/v2/categories?fields=name%20slug%20image
2025-01-16T04:21:30.177Z ::1 GET /api/v2/discounts?fields=name,desc,code,beginDate,endDate,quantity,unlimitedQty,discount,discountType,minimumTotal,maximumApplied,image
2025-01-16T04:21:30.208Z ::1 GET /search/suggest?keyword= (304)
2025-01-16T04:21:30.213Z ::1 GET /?fields=name%20slug%20image (304)
2025-01-16T04:21:30.218Z ::1 GET /?fields=name%20slug%20image (200)
2025-01-16T04:21:30.229Z ::1 GET /api/v2/products/search/suggest?keyword=
2025-01-16T04:21:30.235Z ::1 GET /api/v2/brands?fields=name%20slug%20image
2025-01-16T04:21:30.240Z ::1 GET /api/v2/categories?fields=name%20slug%20image
2025-01-16T04:21:30.244Z ::1 GET /?fields=name,desc,code,beginDate,endDate,quantity,unlimitedQty,discount,discountType,minimumTotal,maximumApplied,image (304)
2025-01-16T04:21:30.246Z ::1 GET /api/v2/discounts?fields=name,desc,code,beginDate,endDate,quantity,unlimitedQty,discount,discountType,minimumTotal,maximumApplied,image
2025-01-16T04:21:30.293Z ::1 GET /search/suggest?keyword= (304)
2025-01-16T04:21:30.313Z ::1 GET /?fields=name%20slug%20image (304)
2025-01-16T04:21:30.324Z ::1 GET /?fields=name,desc,code,beginDate,endDate,quantity,unlimitedQty,discount,discountType,minimumTotal,maximumApplied,image (304)
2025-01-16T04:21:30.327Z ::1 GET /?fields=name%20slug%20image (304)
2025-01-16T04:21:32.038Z ::1 GET /api/v2/products?search=&page=1&limit=20&b=&c=
2025-01-16T04:21:32.095Z ::1 GET /api/v2/products/best-seller
2025-01-16T04:21:32.157Z ::1 GET /best-seller (304)
2025-01-16T04:21:32.159Z ::1 GET /api/v2/products/best-seller
2025-01-16T04:21:32.213Z ::1 GET /best-seller (304)
2025-01-16T04:21:32.248Z ::1 GET /?search=&page=1&limit=20&b=&c= (200)
2025-01-16T04:21:32.251Z ::1 GET /api/v2/products?search=&page=1&limit=20&b=&c=
2025-01-16T04:21:32.436Z ::1 GET /?search=&page=1&limit=20&b=&c= (304)
2025-01-16T04:22:06.282Z ::1 GET /api/v2/account
2025-01-16T04:22:06.483Z ::1 GET /api/v2/account (401)
2025-01-16T04:22:06.488Z ::1 GET /api/v2/account
2025-01-16T04:22:06.618Z ::1 GET /api/v2/account (401)
2025-01-16T04:22:23.444Z ::1 GET /api/v2/account
2025-01-16T04:22:23.531Z ::1 GET /api/v2/account (401)
2025-01-16T04:22:23.656Z ::1 GET /api/v2/account
2025-01-16T04:22:23.715Z ::1 GET /api/v2/account (401)
2025-01-16T04:22:33.073Z ::1 POST /api/v2/auth/register
2025-01-16T04:22:33.355Z ::1 POST /api/v2/auth/register (500)
2025-01-16T04:22:47.585Z ::1 POST /api/v2/auth/register
2025-01-16T04:22:47.600Z ::1 POST /api/v2/auth/register (500)
2025-01-16T04:22:58.060Z ::1 POST /api/v2/auth/register
2025-01-16T04:22:58.224Z ::1 POST /api/v2/auth/register (200)
2025-01-16T04:22:58.914Z ::1 POST /api/v2/cart
2025-01-16T04:22:59.179Z ::1 POST /api/v2/cart (400)
2025-01-16T04:23:00.460Z ::1 GET /api/v2/products/search/suggest?keyword=
2025-01-16T04:23:00.540Z ::1 GET /api/v2/brands?fields=name%20slug%20image
2025-01-16T04:23:00.547Z ::1 GET /api/v2/categories?fields=name%20slug%20image
2025-01-16T04:23:00.556Z ::1 GET /api/v2/discounts?fields=name,desc,code,beginDate,endDate,quantity,unlimitedQty,discount,discountType,minimumTotal,maximumApplied,image
2025-01-16T04:23:00.588Z ::1 GET /search/suggest?keyword= (304)
2025-01-16T04:23:00.590Z ::1 GET /api/v2/products/search/suggest?keyword=
2025-01-16T04:23:00.606Z ::1 GET /?fields=name%20slug%20image (304)
2025-01-16T04:23:00.610Z ::1 GET /?fields=name%20slug%20image (304)
2025-01-16T04:23:00.628Z ::1 GET /?fields=name,desc,code,beginDate,endDate,quantity,unlimitedQty,discount,discountType,minimumTotal,maximumApplied,image (304)
2025-01-16T04:23:00.656Z ::1 GET /search/suggest?keyword= (304)
2025-01-16T04:23:00.658Z ::1 GET /api/v2/brands?fields=name%20slug%20image
2025-01-16T04:23:00.670Z ::1 GET /api/v2/categories?fields=name%20slug%20image
2025-01-16T04:23:00.677Z ::1 GET /api/v2/discounts?fields=name,desc,code,beginDate,endDate,quantity,unlimitedQty,discount,discountType,minimumTotal,maximumApplied,image
2025-01-16T04:23:00.719Z ::1 GET /?fields=name%20slug%20image (304)
2025-01-16T04:23:00.723Z ::1 GET /?fields=name%20slug%20image (304)
2025-01-16T04:23:00.742Z ::1 GET /?fields=name,desc,code,beginDate,endDate,quantity,unlimitedQty,discount,discountType,minimumTotal,maximumApplied,image (304)
2025-01-16T04:23:01.370Z ::1 GET /api/v2/products?search=&page=1&limit=20&b=&c=
2025-01-16T04:23:01.422Z ::1 GET /api/v2/products/best-seller
2025-01-16T04:23:01.475Z ::1 GET /best-seller (304)
2025-01-16T04:23:01.477Z ::1 GET /api/v2/products/best-seller
2025-01-16T04:23:01.514Z ::1 GET /?search=&page=1&limit=20&b=&c= (304)
2025-01-16T04:23:01.515Z ::1 GET /api/v2/products?search=&page=1&limit=20&b=&c=
2025-01-16T04:23:01.552Z ::1 GET /best-seller (304)
2025-01-16T04:23:01.687Z ::1 GET /?search=&page=1&limit=20&b=&c= (304)
2025-01-16T04:24:19.264Z ::1 GET /api/v2/brands?fields=name%20slug%20image
2025-01-16T04:24:19.507Z ::1 GET /api/v2/categories?fields=name%20slug%20image
2025-01-16T04:24:19.540Z ::1 GET /api/v2/products/search/suggest?keyword=
2025-01-16T04:24:19.573Z ::1 GET /?fields=name%20slug%20image (304)
2025-01-16T04:24:19.580Z ::1 GET /?fields=name%20slug%20image (304)
2025-01-16T04:24:19.586Z ::1 GET /api/v2/discounts?fields=name,desc,code,beginDate,endDate,quantity,unlimitedQty,discount,discountType,minimumTotal,maximumApplied,image
2025-01-16T04:24:19.598Z ::1 GET /api/v2/brands?fields=name%20slug%20image
2025-01-16T04:24:19.600Z ::1 GET /api/v2/categories?fields=name%20slug%20image
2025-01-16T04:24:19.616Z ::1 GET /search/suggest?keyword= (304)
2025-01-16T04:24:19.619Z ::1 GET /api/v2/products/search/suggest?keyword=
2025-01-16T04:24:19.642Z ::1 GET /?fields=name,desc,code,beginDate,endDate,quantity,unlimitedQty,discount,discountType,minimumTotal,maximumApplied,image (304)
2025-01-16T04:24:19.644Z ::1 GET /api/v2/discounts?fields=name,desc,code,beginDate,endDate,quantity,unlimitedQty,discount,discountType,minimumTotal,maximumApplied,image
2025-01-16T04:24:19.670Z ::1 GET /?fields=name%20slug%20image (304)
2025-01-16T04:24:19.673Z ::1 GET /?fields=name%20slug%20image (304)
2025-01-16T04:24:19.674Z ::1 GET /search/suggest?keyword= (304)
2025-01-16T04:24:19.690Z ::1 GET /?fields=name,desc,code,beginDate,endDate,quantity,unlimitedQty,discount,discountType,minimumTotal,maximumApplied,image (304)
2025-01-16T04:24:20.167Z ::1 GET /api/v2/products?search=&page=1&limit=20&b=&c=
2025-01-16T04:24:20.542Z ::1 GET /api/v2/products/best-seller
2025-01-16T04:24:20.606Z ::1 GET /best-seller (304)
2025-01-16T04:24:20.616Z ::1 GET /api/v2/products/best-seller
2025-01-16T04:24:20.707Z ::1 GET /?search=&page=1&limit=20&b=&c= (304)
2025-01-16T04:24:20.714Z ::1 GET /best-seller (304)
2025-01-16T04:24:20.720Z ::1 GET /api/v2/products?search=&page=1&limit=20&b=&c=
2025-01-16T04:24:20.895Z ::1 GET /?search=&page=1&limit=20&b=&c= (304)
2025-01-16T04:24:38.150Z ::1 GET /api/v2/brands?fields=name%20slug%20image
2025-01-16T04:24:38.195Z ::1 GET /api/v2/categories?fields=name%20slug%20image
2025-01-16T04:24:38.214Z ::1 GET /api/v2/products/search/suggest?keyword=
2025-01-16T04:24:38.220Z ::1 GET /api/v2/discounts?fields=name,desc,code,beginDate,endDate,quantity,unlimitedQty,discount,discountType,minimumTotal,maximumApplied,image
2025-01-16T04:24:38.241Z ::1 GET /?fields=name%20slug%20image (304)
2025-01-16T04:24:38.244Z ::1 GET /api/v2/brands?fields=name%20slug%20image
2025-01-16T04:24:38.251Z ::1 GET /?fields=name%20slug%20image (304)
2025-01-16T04:24:38.253Z ::1 GET /api/v2/categories?fields=name%20slug%20image
2025-01-16T04:24:38.270Z ::1 GET /search/suggest?keyword= (304)
2025-01-16T04:24:38.271Z ::1 GET /api/v2/products/search/suggest?keyword=
2025-01-16T04:24:38.274Z ::1 GET /?fields=name,desc,code,beginDate,endDate,quantity,unlimitedQty,discount,discountType,minimumTotal,maximumApplied,image (304)
2025-01-16T04:24:38.280Z ::1 GET /api/v2/discounts?fields=name,desc,code,beginDate,endDate,quantity,unlimitedQty,discount,discountType,minimumTotal,maximumApplied,image
2025-01-16T04:24:38.342Z ::1 GET /?fields=name%20slug%20image (304)
2025-01-16T04:24:38.355Z ::1 GET /?fields=name%20slug%20image (304)
2025-01-16T04:24:38.395Z ::1 GET /search/suggest?keyword= (304)
2025-01-16T04:24:38.438Z ::1 GET /?fields=name,desc,code,beginDate,endDate,quantity,unlimitedQty,discount,discountType,minimumTotal,maximumApplied,image (304)
2025-01-16T04:24:38.994Z ::1 GET /api/v2/products?search=&page=1&limit=20&b=&c=
2025-01-16T04:24:39.022Z ::1 GET /api/v2/products/best-seller
2025-01-16T04:24:39.074Z ::1 GET /best-seller (304)
2025-01-16T04:24:39.077Z ::1 GET /api/v2/products/best-seller
2025-01-16T04:24:39.129Z ::1 GET /best-seller (304)
2025-01-16T04:24:39.148Z ::1 GET /?search=&page=1&limit=20&b=&c= (304)
2025-01-16T04:24:39.151Z ::1 GET /api/v2/products?search=&page=1&limit=20&b=&c=
2025-01-16T04:24:39.298Z ::1 GET /?search=&page=1&limit=20&b=&c= (304)
2025-01-16T04:24:46.785Z ::1 GET /api/v2/products/search/suggest?keyword=
2025-01-16T04:24:46.791Z ::1 GET /api/v2/brands?fields=name%20slug%20image
2025-01-16T04:24:46.810Z ::1 GET /api/v2/discounts?fields=name,desc,code,beginDate,endDate,quantity,unlimitedQty,discount,discountType,minimumTotal,maximumApplied,image
2025-01-16T04:24:46.812Z ::1 GET /api/v2/categories?fields=name%20slug%20image
2025-01-16T04:24:46.840Z ::1 GET /search/suggest?keyword= (304)
2025-01-16T04:24:46.841Z ::1 GET /api/v2/products/search/suggest?keyword=
2025-01-16T04:24:46.859Z ::1 GET /?fields=name,desc,code,beginDate,endDate,quantity,unlimitedQty,discount,discountType,minimumTotal,maximumApplied,image (304)
2025-01-16T04:24:46.862Z ::1 GET /?fields=name%20slug%20image (304)
2025-01-16T04:24:46.864Z ::1 GET /?fields=name%20slug%20image (304)
2025-01-16T04:24:46.865Z ::1 GET /api/v2/discounts?fields=name,desc,code,beginDate,endDate,quantity,unlimitedQty,discount,discountType,minimumTotal,maximumApplied,image
2025-01-16T04:24:46.869Z ::1 GET /api/v2/categories?fields=name%20slug%20image
2025-01-16T04:24:46.874Z ::1 GET /api/v2/brands?fields=name%20slug%20image
2025-01-16T04:24:46.892Z ::1 GET /search/suggest?keyword= (304)
2025-01-16T04:24:46.917Z ::1 GET /?fields=name,desc,code,beginDate,endDate,quantity,unlimitedQty,discount,discountType,minimumTotal,maximumApplied,image (304)
2025-01-16T04:24:46.919Z ::1 GET /?fields=name%20slug%20image (304)
2025-01-16T04:24:46.920Z ::1 GET /?fields=name%20slug%20image (304)
2025-01-16T04:24:47.225Z ::1 GET /api/v2/products?search=&page=1&limit=20&b=&c=
2025-01-16T04:24:47.369Z ::1 GET /?search=&page=1&limit=20&b=&c= (304)
2025-01-16T04:24:47.370Z ::1 GET /api/v2/products?search=&page=1&limit=20&b=&c=
2025-01-16T04:24:47.554Z ::1 GET /?search=&page=1&limit=20&b=&c= (304)
2025-01-16T04:24:47.555Z ::1 GET /api/v2/products/best-seller
2025-01-16T04:24:47.622Z ::1 GET /best-seller (304)
2025-01-16T04:24:47.623Z ::1 GET /api/v2/products/best-seller
2025-01-16T04:24:47.687Z ::1 GET /best-seller (304)
2025-01-16T04:26:00.929Z ::1 POST /api/v2/auth/login
2025-01-16T04:26:01.246Z ::1 POST /login (200)
2025-01-16T04:26:01.813Z ::1 POST /api/v2/cart
2025-01-16T04:26:01.987Z ::1 POST / (200)
2025-01-16T04:26:18.791Z ::1 GET /api/v2/account
2025-01-16T04:26:19.437Z ::1 GET / (200)
2025-01-16T04:26:19.443Z ::1 GET /api/v2/account
2025-01-16T04:26:19.557Z ::1 GET / (304)
2025-01-16T04:26:20.877Z ::1 POST /api/v2/cart
2025-01-16T04:26:20.996Z ::1 POST / (200)
2025-01-16T04:26:24.682Z ::1 GET /api/v2/brands
2025-01-16T04:26:24.827Z ::1 GET /api/v2/products?search=&b=&c=
2025-01-16T04:26:24.924Z ::1 GET /api/v2/users/customer
2025-01-16T04:26:24.969Z ::1 GET /api/v2/orders/manager/?search=&status=&paymentStatus=&page=1&limit=100000
2025-01-16T04:26:24.977Z ::1 GET /api/v2/categories
2025-01-16T04:26:24.995Z ::1 GET / (304)
2025-01-16T04:26:25.000Z ::1 GET /api/v2/brands
2025-01-16T04:26:25.038Z ::1 GET /customer (304)
2025-01-16T04:26:25.106Z ::1 GET / (200)
2025-01-16T04:26:25.169Z ::1 GET / (304)
2025-01-16T04:26:25.308Z ::1 GET /?search=&b=&c= (200)
2025-01-16T04:26:25.310Z ::1 GET /api/v2/users/customer
2025-01-16T04:26:25.331Z ::1 GET /manager/?search=&status=&paymentStatus=&page=1&limit=100000 (304)
2025-01-16T04:26:25.332Z ::1 GET /api/v2/categories
2025-01-16T04:26:25.348Z ::1 GET /api/v2/products?search=&b=&c=
2025-01-16T04:26:25.352Z ::1 GET /api/v2/orders/manager/?search=&status=&paymentStatus=&page=1&limit=100000
2025-01-16T04:26:25.372Z ::1 GET /customer (304)
2025-01-16T04:26:25.407Z ::1 GET / (304)
2025-01-16T04:26:25.466Z ::1 GET /manager/?search=&status=&paymentStatus=&page=1&limit=100000 (304)
2025-01-16T04:26:25.471Z ::1 GET /api/v2/orders/manager/?search=&status=&paymentStatus=&page=1&limit=100000
2025-01-16T04:26:25.512Z ::1 GET /?search=&b=&c= (304)
2025-01-16T04:26:25.573Z ::1 GET /manager/?search=&status=&paymentStatus=&page=1&limit=100000 (304)
2025-01-16T04:26:25.574Z ::1 GET /api/v2/orders/manager/?search=&status=&paymentStatus=&page=1&limit=100000
2025-01-16T04:26:25.673Z ::1 GET /manager/?search=&status=&paymentStatus=&page=1&limit=100000 (304)